21:33:52:231 [ALWAYS]	GUDE Logging Started
21:33:52:232 [INFO]	SqliteResumeCache::SqliteResumeCache basedirectory is null/empty
21:33:52:232 [ERROR]	SqliteResumeCache::CreateSqliteResumeCache creating resume cache pointer failure
21:33:52:232 [ERROR]	Initialize resume cache pointer failure
21:33:52:232 [INFO]	gude policy POLICY_USER limit (2,2,1) chunk 2097152, chunking (UL 0 DL 1), resXfer 1, adapt 0, NSURL 0, timeout 86400 
21:33:52:232 [INFO]	Initialized -- gude-lib version: v0.12.1 app: gude
21:33:53:437 [WARN]	Ignoring attempt to reinit logging to \gude at level 4 retaining 3 days of logs
21:33:53:437 [INFO]	SqliteResumeCache::SqliteResumeCache basedirectory is null/empty
21:33:53:437 [ERROR]	SqliteResumeCache::CreateSqliteResumeCache creating resume cache pointer failure
21:33:53:438 [ERROR]	Initialize resume cache pointer failure
21:33:53:438 [INFO]	gude policy POLICY_USER limit (4,4,1) chunk 2097152, chunking (UL 0 DL 1), resXfer 1, adapt 0, NSURL 1, timeout 86400 
21:33:53:438 [INFO]	Initialized -- gude-lib version: v0.12.1 app: gude
22:28:50:471 [ALWAYS]	GUDE Logging Started
22:28:50:471 [INFO]	SqliteResumeCache::SqliteResumeCache basedirectory is null/empty
22:28:50:471 [ERROR]	SqliteResumeCache::CreateSqliteResumeCache creating resume cache pointer failure
22:28:50:471 [ERROR]	Initialize resume cache pointer failure
22:28:50:471 [INFO]	gude policy POLICY_USER limit (2,2,1) chunk 2097152, chunking (UL 0 DL 1), resXfer 1, adapt 0, NSURL 0, timeout 86400 
22:28:50:471 [INFO]	Initialized -- gude-lib version: v0.12.1 app: gude
22:28:51:384 [WARN]	Ignoring attempt to reinit logging to \gude at level 4 retaining 3 days of logs
22:28:51:384 [INFO]	SqliteResumeCache::SqliteResumeCache basedirectory is null/empty
22:28:51:384 [ERROR]	SqliteResumeCache::CreateSqliteResumeCache creating resume cache pointer failure
22:28:51:384 [ERROR]	Initialize resume cache pointer failure
22:28:51:384 [INFO]	gude policy POLICY_USER limit (4,4,1) chunk 2097152, chunking (UL 0 DL 1), resXfer 1, adapt 0, NSURL 1, timeout 86400 
22:28:51:384 [INFO]	Initialized -- gude-lib version: v0.12.1 app: gude
